<?xml version="1.0" encoding="UTF-8"?>
<!-- Generated by org.testng.reporters.JUnitXMLReporter -->
<testsuite ignored="0" hostname="DESKTOP-Q0F1TSF" failures="0" tests="7" name="Test" time="41.779" errors="0" timestamp="2023-07-22T22:53:59 IST">
  <testcase classname="tests.RegisterTest" name="registerWithMandatoryFields" time="1.946"/>
  <testcase classname="tests.RegisterTest" name="registerWithAllFields" time="2.123"/>
  <testcase classname="tests.LoginTest" name="loginWithValidCrendetials" time="1.267"/>
  <testcase classname="tests.LoginTest" name="loginWithInvalidCredentials" time="1.275"/>
  <testcase classname="tests.SearchTest" name="searchWithValidProductName" time="0.499"/>
  <testcase classname="tests.SearchTest" name="searchWithInvalidProductName" time="0.826"/>
  <testcase classname="tests.SearchTest" name="searchByNotProvidingAnyProductName" time="0.506"/>
</testsuite> <!-- Test -->
